<?xml version="1.0" encoding="UTF-8"?>
<!-- Generated by org.testng.reporters.JUnitReportReporter -->
<testsuite skipped="0" hostname="050101V3483" name="com.webautomation.BaseTest2" tests="1" failures="0" timestamp="2021-05-15T15:55:32 IST" time="18.803" errors="1">
  <testcase name="setup" time="18.803" classname="com.webautomation.BaseTest2">
    <error type="org.openqa.selenium.SessionNotCreatedException" message="session not created: This version of ChromeDriver only supports Chrome version 88
Current browser version is 90.0.4430.212 with binary path C:\Program Files (x86)\Google\Chrome\Application\chrome.exe
Build info: version: &#039;3.141.59&#039;, revision: &#039;e82be7d358&#039;, time: &#039;2018-11-14T08:17:03&#039;
System info: host: &#039;050101V3483&#039;, ip: &#039;192.168.225.35&#039;, os.name: &#039;Windows 8.1&#039;, os.arch: &#039;amd64&#039;, os.version: &#039;6.3&#039;, java.version: &#039;1.8.0_251&#039;
Driver info: driver.version: ChromeDriver
remote stacktrace: Backtrace:
	GetHandleVerifier [0x0109B963+483]
	GetHandleVerifier [0x0109B941+449]
	GetHandleVerifier [0x01443308+3832712]
	GetHandleVerifier [0x0145D69A+3940122]
	GetHandleVerifier [0x01459AFB+3924859]
	GetHandleVerifier [0x01457D9C+3917340]
	GetHandleVerifier [0x0147E7FE+4075646]
	GetHandleVerifier [0x0147E56C+4074988]
	GetHandleVerifier [0x0147B2EB+4062059]
	GetHandleVerifier [0x0145ED14+3945876]
	GetHandleVerifier [0x0145FBCE+3949646]
	GetHandleVerifier [0x0145FB59+3949529]
	Ordinal0 [0x0105B5CC+46540]
	Ordinal0 [0x01059F53+40787]
	Ordinal0 [0x01059B12+39698]
	GetHandleVerifier [0x01361468+2907368]
	GetHandleVerifier [0x011A71EE+1096302]
	GetHandleVerifier [0x01163E8D+821005]
	GetHandleVerifier [0x0116396B+819691]
	GetHandleVerifier [0x01163881+819457]
	GetHandleVerifier [0x0118F463+998627]
	BaseThreadInitThunk [0x77076A14+36]
	RtlInitializeExceptionChain [0x77BCAB2F+143]
	RtlInitializeExceptionChain [0x77BCAAFA+90]
">
      <![CDATA[org.openqa.selenium.SessionNotCreatedException: session not created: This version of ChromeDriver only supports Chrome version 88
Current browser version is 90.0.4430.212 with binary path C:\Program Files (x86)\Google\Chrome\Application\chrome.exe
Build info: version: '3.141.59', revision: 'e82be7d358', time: '2018-11-14T08:17:03'
System info: host: '050101V3483', ip: '192.168.225.35', os.name: 'Windows 8.1', os.arch: 'amd64', os.version: '6.3', java.version: '1.8.0_251'
Driver info: driver.version: ChromeDriver
remote stacktrace: Backtrace:
GetHandleVerifier [0x0109B963+483]
GetHandleVerifier [0x0109B941+449]
GetHandleVerifier [0x01443308+3832712]
GetHandleVerifier [0x0145D69A+3940122]
GetHandleVerifier [0x01459AFB+3924859]
GetHandleVerifier [0x01457D9C+3917340]
GetHandleVerifier [0x0147E7FE+4075646]
GetHandleVerifier [0x0147E56C+4074988]
GetHandleVerifier [0x0147B2EB+4062059]
GetHandleVerifier [0x0145ED14+3945876]
GetHandleVerifier [0x0145FBCE+3949646]
GetHandleVerifier [0x0145FB59+3949529]
Ordinal0 [0x0105B5CC+46540]
Ordinal0 [0x01059F53+40787]
Ordinal0 [0x01059B12+39698]
GetHandleVerifier [0x01361468+2907368]
GetHandleVerifier [0x011A71EE+1096302]
GetHandleVerifier [0x01163E8D+821005]
GetHandleVerifier [0x0116396B+819691]
GetHandleVerifier [0x01163881+819457]
GetHandleVerifier [0x0118F463+998627]
BaseThreadInitThunk [0x77076A14+36]
RtlInitializeExceptionChain [0x77BCAB2F+143]
RtlInitializeExceptionChain [0x77BCAAFA+90]

at sun.reflect.NativeConstructorAccessorImpl.newInstance0(Native Method)
at sun.reflect.NativeConstructorAccessorImpl.newInstance(Unknown Source)
at sun.reflect.DelegatingConstructorAccessorImpl.newInstance(Unknown Source)
at java.lang.reflect.Constructor.newInstance(Unknown Source)
at org.openqa.selenium.remote.W3CHandshakeResponse.lambda$errorHandler$0(W3CHandshakeResponse.java:62)
at org.openqa.selenium.remote.HandshakeResponse.lambda$getResponseFunction$0(HandshakeResponse.java:30)
at org.openqa.selenium.remote.ProtocolHandshake.lambda$createSession$0(ProtocolHandshake.java:126)
at java.util.stream.ReferencePipeline$3$1.accept(Unknown Source)
at java.util.Spliterators$ArraySpliterator.tryAdvance(Unknown Source)
at java.util.stream.ReferencePipeline.forEachWithCancel(Unknown Source)
at java.util.stream.AbstractPipeline.copyIntoWithCancel(Unknown Source)
at java.util.stream.AbstractPipeline.copyInto(Unknown Source)
at java.util.stream.AbstractPipeline.wrapAndCopyInto(Unknown Source)
at java.util.stream.FindOps$FindOp.evaluateSequential(Unknown Source)
at java.util.stream.AbstractPipeline.evaluate(Unknown Source)
at java.util.stream.ReferencePipeline.findFirst(Unknown Source)
at org.openqa.selenium.remote.ProtocolHandshake.createSession(ProtocolHandshake.java:128)
at org.openqa.selenium.remote.ProtocolHandshake.createSession(ProtocolHandshake.java:74)
at org.openqa.selenium.remote.HttpCommandExecutor.execute(HttpCommandExecutor.java:136)
at org.openqa.selenium.remote.service.DriverCommandExecutor.execute(DriverCommandExecutor.java:83)
at org.openqa.selenium.remote.RemoteWebDriver.execute(RemoteWebDriver.java:552)
at org.openqa.selenium.remote.RemoteWebDriver.startSession(RemoteWebDriver.java:213)
at org.openqa.selenium.remote.RemoteWebDriver.<init>(RemoteWebDriver.java:131)
at org.openqa.selenium.chrome.ChromeDriver.<init>(ChromeDriver.java:181)
at org.openqa.selenium.chrome.ChromeDriver.<init>(ChromeDriver.java:168)
at org.openqa.selenium.chrome.ChromeDriver.<init>(ChromeDriver.java:123)
at com.webautomation.BaseTest2.setup(BaseTest2.java:40)
at sun.reflect.NativeMethodAccessorImpl.invoke0(Native Method)
at sun.reflect.NativeMethodAccessorImpl.invoke(Unknown Source)
at sun.reflect.DelegatingMethodAccessorImpl.invoke(Unknown Source)
at java.lang.reflect.Method.invoke(Unknown Source)
at org.testng.internal.MethodInvocationHelper.invokeMethod(MethodInvocationHelper.java:132)
at org.testng.internal.TestInvoker.invokeMethod(TestInvoker.java:599)
at org.testng.internal.TestInvoker.invokeTestMethod(TestInvoker.java:174)
at org.testng.internal.MethodRunner.runInSequence(MethodRunner.java:46)
at org.testng.internal.TestInvoker$MethodInvocationAgent.invoke(TestInvoker.java:822)
at org.testng.internal.TestInvoker.invokeTestMethods(TestInvoker.java:147)
at org.testng.internal.TestMethodWorker.invokeTestMethods(TestMethodWorker.java:146)
at org.testng.internal.TestMethodWorker.run(TestMethodWorker.java:128)
at java.util.ArrayList.forEach(Unknown Source)
at org.testng.TestRunner.privateRun(TestRunner.java:764)
at org.testng.TestRunner.run(TestRunner.java:585)
at org.testng.SuiteRunner.runTest(SuiteRunner.java:384)
at org.testng.SuiteRunner.runSequentially(SuiteRunner.java:378)
at org.testng.SuiteRunner.privateRun(SuiteRunner.java:337)
at org.testng.SuiteRunner.run(SuiteRunner.java:286)
at org.testng.SuiteRunnerWorker.runSuite(SuiteRunnerWorker.java:53)
at org.testng.SuiteRunnerWorker.run(SuiteRunnerWorker.java:96)
at org.testng.TestNG.runSuitesSequentially(TestNG.java:1218)
at org.testng.TestNG.runSuitesLocally(TestNG.java:1140)
at org.testng.TestNG.runSuites(TestNG.java:1069)
at org.testng.TestNG.run(TestNG.java:1037)
at org.testng.remote.AbstractRemoteTestNG.run(AbstractRemoteTestNG.java:115)
at org.testng.remote.RemoteTestNG.initAndRun(RemoteTestNG.java:251)
at org.testng.remote.RemoteTestNG.main(RemoteTestNG.java:77)
]]>
    </error>
  </testcase> <!-- setup -->
  <system-out/>
</testsuite> <!-- com.webautomation.BaseTest2 -->
