<?xml version="1.0" encoding="UTF-8"?>
<!-- Generated by org.testng.reporters.JUnitReportReporter -->
<testsuite skipped="0" hostname="050101V3483" name="com.webautomation.BaseTest1" tests="1" failures="0" timestamp="22 Jul 2020 14:12:26 GMT" time="14.146" errors="1">
  <testcase name="setup" time="14.146" classname="com.webautomation.BaseTest1">
    <error type="org.openqa.selenium.SessionNotCreatedException" message="session not created: This version of ChromeDriver only supports Chrome version 81
Build info: version: &#039;3.141.59&#039;, revision: &#039;e82be7d358&#039;, time: &#039;2018-11-14T08:17:03&#039;
System info: host: &#039;050101V3483&#039;, ip: &#039;192.168.225.59&#039;, os.name: &#039;Windows 8.1&#039;, os.arch: &#039;amd64&#039;, os.version: &#039;6.3&#039;, java.version: &#039;1.8.0_251&#039;
Driver info: driver.version: ChromeDriver
remote stacktrace: Backtrace:
	Ordinal0 [0x002F5E93+2449043]
	Ordinal0 [0x00228281+1606273]
	Ordinal0 [0x0011F889+522377]
	Ordinal0 [0x000B05F3+67059]
	Ordinal0 [0x000ACD92+52626]
	Ordinal0 [0x000CC127+180519]
	Ordinal0 [0x000CBF2D+180013]
	Ordinal0 [0x000C9E5B+171611]
	Ordinal0 [0x000B1DD8+73176]
	Ordinal0 [0x000B2E50+77392]
	Ordinal0 [0x000B2DE9+77289]
	Ordinal0 [0x0023D7F7+1693687]
	GetHandleVerifier [0x00394576+522742]
	GetHandleVerifier [0x003942B4+522036]
	GetHandleVerifier [0x003A9587+608775]
	GetHandleVerifier [0x00394DE6+524902]
	Ordinal0 [0x00235BDC+1661916]
	Ordinal0 [0x0023F15B+1700187]
	Ordinal0 [0x0023F2C3+1700547]
	Ordinal0 [0x00255135+1790261]
	BaseThreadInitThunk [0x75506A14+36]
	RtlInitializeExceptionChain [0x77D2AD8F+143]
	RtlInitializeExceptionChain [0x77D2AD5A+90]
	(No symbol) [0x00000000]
">
      <![CDATA[org.openqa.selenium.SessionNotCreatedException: session not created: This version of ChromeDriver only supports Chrome version 81
Build info: version: '3.141.59', revision: 'e82be7d358', time: '2018-11-14T08:17:03'
System info: host: '050101V3483', ip: '192.168.225.59', os.name: 'Windows 8.1', os.arch: 'amd64', os.version: '6.3', java.version: '1.8.0_251'
Driver info: driver.version: ChromeDriver
remote stacktrace: Backtrace:
	Ordinal0 [0x002F5E93+2449043]
	Ordinal0 [0x00228281+1606273]
	Ordinal0 [0x0011F889+522377]
	Ordinal0 [0x000B05F3+67059]
	Ordinal0 [0x000ACD92+52626]
	Ordinal0 [0x000CC127+180519]
	Ordinal0 [0x000CBF2D+180013]
	Ordinal0 [0x000C9E5B+171611]
	Ordinal0 [0x000B1DD8+73176]
	Ordinal0 [0x000B2E50+77392]
	Ordinal0 [0x000B2DE9+77289]
	Ordinal0 [0x0023D7F7+1693687]
	GetHandleVerifier [0x00394576+522742]
	GetHandleVerifier [0x003942B4+522036]
	GetHandleVerifier [0x003A9587+608775]
	GetHandleVerifier [0x00394DE6+524902]
	Ordinal0 [0x00235BDC+1661916]
	Ordinal0 [0x0023F15B+1700187]
	Ordinal0 [0x0023F2C3+1700547]
	Ordinal0 [0x00255135+1790261]
	BaseThreadInitThunk [0x75506A14+36]
	RtlInitializeExceptionChain [0x77D2AD8F+143]
	RtlInitializeExceptionChain [0x77D2AD5A+90]
	(No symbol) [0x00000000]

	at sun.reflect.NativeConstructorAccessorImpl.newInstance0(Native Method)
	at sun.reflect.NativeConstructorAccessorImpl.newInstance(Unknown Source)
	at sun.reflect.DelegatingConstructorAccessorImpl.newInstance(Unknown Source)
	at java.lang.reflect.Constructor.newInstance(Unknown Source)
	at org.openqa.selenium.remote.W3CHandshakeResponse.lambda$errorHandler$0(W3CHandshakeResponse.java:62)
	at org.openqa.selenium.remote.HandshakeResponse.lambda$getResponseFunction$0(HandshakeResponse.java:30)
	at org.openqa.selenium.remote.ProtocolHandshake.lambda$createSession$0(ProtocolHandshake.java:126)
	at java.util.stream.ReferencePipeline$3$1.accept(Unknown Source)
	at java.util.Spliterators$ArraySpliterator.tryAdvance(Unknown Source)
	at java.util.stream.ReferencePipeline.forEachWithCancel(Unknown Source)
	at java.util.stream.AbstractPipeline.copyIntoWithCancel(Unknown Source)
	at java.util.stream.AbstractPipeline.copyInto(Unknown Source)
	at java.util.stream.AbstractPipeline.wrapAndCopyInto(Unknown Source)
	at java.util.stream.FindOps$FindOp.evaluateSequential(Unknown Source)
	at java.util.stream.AbstractPipeline.evaluate(Unknown Source)
	at java.util.stream.ReferencePipeline.findFirst(Unknown Source)
	at org.openqa.selenium.remote.ProtocolHandshake.createSession(ProtocolHandshake.java:128)
	at org.openqa.selenium.remote.ProtocolHandshake.createSession(ProtocolHandshake.java:74)
	at org.openqa.selenium.remote.HttpCommandExecutor.execute(HttpCommandExecutor.java:136)
	at org.openqa.selenium.remote.service.DriverCommandExecutor.execute(DriverCommandExecutor.java:83)
	at org.openqa.selenium.remote.RemoteWebDriver.execute(RemoteWebDriver.java:552)
	at org.openqa.selenium.remote.RemoteWebDriver.startSession(RemoteWebDriver.java:213)
	at org.openqa.selenium.remote.RemoteWebDriver.<init>(RemoteWebDriver.java:131)
	at org.openqa.selenium.chrome.ChromeDriver.<init>(ChromeDriver.java:181)
	at org.openqa.selenium.chrome.ChromeDriver.<init>(ChromeDriver.java:168)
	at org.openqa.selenium.chrome.ChromeDriver.<init>(ChromeDriver.java:123)
	at com.webautomation.BaseTest1.setup(BaseTest1.java:32)
	at sun.reflect.NativeMethodAccessorImpl.invoke0(Native Method)
	at sun.reflect.NativeMethodAccessorImpl.invoke(Unknown Source)
	at sun.reflect.DelegatingMethodAccessorImpl.invoke(Unknown Source)
	at java.lang.reflect.Method.invoke(Unknown Source)
	at org.testng.internal.MethodInvocationHelper.invokeMethod(MethodInvocationHelper.java:108)
	at org.testng.internal.Invoker.invokeMethod(Invoker.java:661)
	at org.testng.internal.Invoker.invokeTestMethod(Invoker.java:869)
	at org.testng.internal.Invoker.invokeTestMethods(Invoker.java:1193)
	at org.testng.internal.TestMethodWorker.invokeTestMethods(TestMethodWorker.java:126)
	at org.testng.internal.TestMethodWorker.run(TestMethodWorker.java:109)
	at org.testng.TestRunner.privateRun(TestRunner.java:744)
	at org.testng.TestRunner.run(TestRunner.java:602)
	at org.testng.SuiteRunner.runTest(SuiteRunner.java:380)
	at org.testng.SuiteRunner.runSequentially(SuiteRunner.java:375)
	at org.testng.SuiteRunner.privateRun(SuiteRunner.java:340)
	at org.testng.SuiteRunner.run(SuiteRunner.java:289)
	at org.testng.SuiteRunnerWorker.runSuite(SuiteRunnerWorker.java:52)
	at org.testng.SuiteRunnerWorker.run(SuiteRunnerWorker.java:86)
	at org.testng.TestNG.runSuitesSequentially(TestNG.java:1301)
	at org.testng.TestNG.runSuitesLocally(TestNG.java:1226)
	at org.testng.TestNG.runSuites(TestNG.java:1144)
	at org.testng.TestNG.run(TestNG.java:1115)
	at org.testng.remote.AbstractRemoteTestNG.run(AbstractRemoteTestNG.java:132)
	at org.testng.remote.RemoteTestNG.initAndRun(RemoteTestNG.java:230)
	at org.testng.remote.RemoteTestNG.main(RemoteTestNG.java:76)
]]>
    </error>
  </testcase> <!-- setup -->
</testsuite> <!-- com.webautomation.BaseTest1 -->
